# JRE version: OpenJDK Runtime Environment (8.0_242-b01) (build 1.8.0_242-release-1644-b01)
# Java VM: OpenJDK 64-Bit Server VM (25.242-b01 mixed mode windows-amd64 compressed oops)
Heap:
 PSYoungGen      total 208896K, used 149111K [0x00000000d5580000, 0x00000000e6280000, 0x0000000100000000)
  eden space 190464K, 68% used [0x00000000d5580000,0x00000000dd525c48,0x00000000e0f80000)
  from space 18432K, 99% used [0x00000000e0f80000,0x00000000e2178398,0x00000000e2180000)
  to   space 22528K, 0% used [0x00000000e4c80000,0x00000000e4c80000,0x00000000e6280000)
 ParOldGen       total 221696K, used 35953K [0x0000000080000000, 0x000000008d880000, 0x00000000d5580000)
  object space 221696K, 16% used [0x0000000080000000,0x000000008231c418,0x000000008d880000)
 Metaspace       used 69478K, capacity 72404K, committed 72488K, reserved 1112064K
  class space    used 9401K, capacity 10013K, committed 10032K, reserved 1048576K
GC Heap History (10 events):
Event: 10.333 GC heap before
{Heap before GC invocations=10 (full 2):
 PSYoungGen      total 116736K, used 104448K [0x00000000d5580000, 0x00000000e1680000, 0x0000000100000000)
  eden space 104448K, 100% used [0x00000000d5580000,0x00000000dbb80000,0x00000000dbb80000)
  from space 12288K, 0% used [0x00000000dbb80000,0x00000000dbb80000,0x00000000dc780000)
  to   space 12288K, 0% used [0x00000000e0a80000,0x00000000e0a80000,0x00000000e1680000)
 ParOldGen       total 151552K, used 15953K [0x0000000080000000, 0x0000000089400000, 0x00000000d5580000)
  object space 151552K, 10% used [0x0000000080000000,0x0000000080f94680,0x0000000089400000)
 Metaspace       used 43092K, capacity 44578K, committed 44840K, reserved 1087488K
  class space    used 5815K, capacity 6183K, committed 6192K, reserved 1048576K
Event: 10.347 GC heap after
Heap after GC invocations=10 (full 2):
 PSYoungGen      total 163840K, used 12286K [0x00000000d5580000, 0x00000000e1680000, 0x0000000100000000)
  eden space 151552K, 0% used [0x00000000d5580000,0x00000000d5580000,0x00000000de980000)
  from space 12288K, 99% used [0x00000000e0a80000,0x00000000e167f8b8,0x00000000e1680000)
  to   space 13312K, 0% used [0x00000000dfc80000,0x00000000dfc80000,0x00000000e0980000)
 ParOldGen       total 151552K, used 16154K [0x0000000080000000, 0x0000000089400000, 0x00000000d5580000)
  object space 151552K, 10% used [0x0000000080000000,0x0000000080fc6bf8,0x0000000089400000)
 Metaspace       used 43092K, capacity 44578K, committed 44840K, reserved 1087488K
  class space    used 5815K, capacity 6183K, committed 6192K, reserved 1048576K
}
Event: 13.687 GC heap before
{Heap before GC invocations=11 (full 2):
 PSYoungGen      total 163840K, used 163838K [0x00000000d5580000, 0x00000000e1680000, 0x0000000100000000)
  eden space 151552K, 100% used [0x00000000d5580000,0x00000000de980000,0x00000000de980000)
  from space 12288K, 99% used [0x00000000e0a80000,0x00000000e167f8b8,0x00000000e1680000)
  to   space 13312K, 0% used [0x00000000dfc80000,0x00000000dfc80000,0x00000000e0980000)
 ParOldGen       total 151552K, used 16154K [0x0000000080000000, 0x0000000089400000, 0x00000000d5580000)
  object space 151552K, 10% used [0x0000000080000000,0x0000000080fc6bf8,0x0000000089400000)
 Metaspace       used 55495K, capacity 57436K, committed 57768K, reserved 1099776K
  class space    used 7502K, capacity 7999K, committed 8112K, reserved 1048576K
Event: 13.709 GC heap after
Heap after GC invocations=11 (full 2):
 PSYoungGen      total 184320K, used 13291K [0x00000000d5580000, 0x00000000e3480000, 0x0000000100000000)
  eden space 171008K, 0% used [0x00000000d5580000,0x00000000d5580000,0x00000000dfc80000)
  from space 13312K, 99% used [0x00000000dfc80000,0x00000000e097ac00,0x00000000e0980000)
  to   space 19456K, 0% used [0x00000000e2180000,0x00000000e2180000,0x00000000e3480000)
 ParOldGen       total 151552K, used 27981K [0x0000000080000000, 0x0000000089400000, 0x00000000d5580000)
  object space 151552K, 18% used [0x0000000080000000,0x0000000081b53458,0x0000000089400000)
 Metaspace       used 55495K, capacity 57436K, committed 57768K, reserved 1099776K
  class space    used 7502K, capacity 7999K, committed 8112K, reserved 1048576K
}
Event: 14.072 GC heap before
{Heap before GC invocations=12 (full 2):
 PSYoungGen      total 184320K, used 38916K [0x00000000d5580000, 0x00000000e3480000, 0x0000000100000000)
  eden space 171008K, 14% used [0x00000000d5580000,0x00000000d6e86700,0x00000000dfc80000)
  from space 13312K, 99% used [0x00000000dfc80000,0x00000000e097ac00,0x00000000e0980000)
  to   space 19456K, 0% used [0x00000000e2180000,0x00000000e2180000,0x00000000e3480000)
 ParOldGen       total 151552K, used 27981K [0x0000000080000000, 0x0000000089400000, 0x00000000d5580000)
  object space 151552K, 18% used [0x0000000080000000,0x0000000081b53458,0x0000000089400000)
 Metaspace       used 57154K, capacity 59102K, committed 59160K, reserved 1099776K
  class space    used 7736K, capacity 8222K, committed 8240K, reserved 1048576K
Event: 14.083 GC heap after
Heap after GC invocations=12 (full 2):
 PSYoungGen      total 209920K, used 10094K [0x00000000d5580000, 0x00000000e5300000, 0x0000000100000000)
  eden space 190464K, 0% used [0x00000000d5580000,0x00000000d5580000,0x00000000e0f80000)
  from space 19456K, 51% used [0x00000000e2180000,0x00000000e2b5bbf0,0x00000000e3480000)
  to   space 18432K, 0% used [0x00000000e0f80000,0x00000000e0f80000,0x00000000e2180000)
 ParOldGen       total 151552K, used 33646K [0x0000000080000000, 0x0000000089400000, 0x00000000d5580000)
  object space 151552K, 22% used [0x0000000080000000,0x00000000820dbbb8,0x0000000089400000)
 Metaspace       used 57154K, capacity 59102K, committed 59160K, reserved 1099776K
  class space    used 7736K, capacity 8222K, committed 8240K, reserved 1048576K
}
Event: 14.083 GC heap before
{Heap before GC invocations=13 (full 3):
 PSYoungGen      total 209920K, used 10094K [0x00000000d5580000, 0x00000000e5300000, 0x0000000100000000)
  eden space 190464K, 0% used [0x00000000d5580000,0x00000000d5580000,0x00000000e0f80000)
  from space 19456K, 51% used [0x00000000e2180000,0x00000000e2b5bbf0,0x00000000e3480000)
  to   space 18432K, 0% used [0x00000000e0f80000,0x00000000e0f80000,0x00000000e2180000)
 ParOldGen       total 151552K, used 33646K [0x0000000080000000, 0x0000000089400000, 0x00000000d5580000)
  object space 151552K, 22% used [0x0000000080000000,0x00000000820dbbb8,0x0000000089400000)
 Metaspace       used 57154K, capacity 59102K, committed 59160K, reserved 1099776K
  class space    used 7736K, capacity 8222K, committed 8240K, reserved 1048576K
Event: 14.343 GC heap after
Heap after GC invocations=13 (full 3):
 PSYoungGen      total 209920K, used 0K [0x00000000d5580000, 0x00000000e5300000, 0x0000000100000000)
  eden space 190464K, 0% used [0x00000000d5580000,0x00000000d5580000,0x00000000e0f80000)
  from space 19456K, 0% used [0x00000000e2180000,0x00000000e2180000,0x00000000e3480000)
  to   space 18432K, 0% used [0x00000000e0f80000,0x00000000e0f80000,0x00000000e2180000)
 ParOldGen       total 221696K, used 31488K [0x0000000080000000, 0x000000008d880000, 0x00000000d5580000)
  object space 221696K, 14% used [0x0000000080000000,0x0000000081ec03a0,0x000000008d880000)
 Metaspace       used 57150K, capacity 59090K, committed 59160K, reserved 1099776K
  class space    used 7735K, capacity 8220K, committed 8240K, reserved 1048576K
}
Event: 21.969 GC heap before
{Heap before GC invocations=14 (full 3):
 PSYoungGen      total 209920K, used 190464K [0x00000000d5580000, 0x00000000e5300000, 0x0000000100000000)
  eden space 190464K, 100% used [0x00000000d5580000,0x00000000e0f80000,0x00000000e0f80000)
  from space 19456K, 0% used [0x00000000e2180000,0x00000000e2180000,0x00000000e3480000)
  to   space 18432K, 0% used [0x00000000e0f80000,0x00000000e0f80000,0x00000000e2180000)
 ParOldGen       total 221696K, used 31488K [0x0000000080000000, 0x000000008d880000, 0x00000000d5580000)
  object space 221696K, 14% used [0x0000000080000000,0x0000000081ec03a0,0x000000008d880000)
 Metaspace       used 67973K, capacity 70718K, committed 70824K, reserved 1110016K
  class space    used 9249K, capacity 9842K, committed 9904K, reserved 1048576K
Event: 21.997 GC heap after
Heap after GC invocations=14 (full 3):
 PSYoungGen      total 208896K, used 18400K [0x00000000d5580000, 0x00000000e6280000, 0x0000000100000000)
  eden space 190464K, 0% used [0x00000000d5580000,0x00000000d5580000,0x00000000e0f80000)
  from space 18432K, 99% used [0x00000000e0f80000,0x00000000e2178398,0x00000000e2180000)
  to   space 22528K, 0% used [0x00000000e4c80000,0x00000000e4c80000,0x00000000e6280000)
 ParOldGen       total 221696K, used 35953K [0x0000000080000000, 0x000000008d880000, 0x00000000d5580000)
  object space 221696K, 16% used [0x0000000080000000,0x000000008231c418,0x000000008d880000)
 Metaspace       used 67973K, capacity 70718K, committed 70824K, reserved 1110016K
  class space    used 9249K, capacity 9842K, committed 9904K, reserved 1048576K
}

